{"/Users/jacksontian/git/wechat/lib/wechat.js":{"path":"/Users/jacksontian/git/wechat/lib/wechat.js","s":{"1":2,"2":2,"3":2,"4":2,"5":2,"6":2,"7":2,"8":69,"9":69,"10":69,"11":69,"12":69,"13":69,"14":69,"15":2,"16":2,"17":2,"18":2,"19":2,"20":58,"21":58,"22":57,"23":58,"24":57,"25":58,"26":2,"27":55,"28":55,"29":1,"30":54,"31":54,"32":54,"33":2,"34":59,"35":59,"36":58,"37":301,"38":1,"39":300,"40":300,"41":300,"42":4,"43":296,"44":0,"45":0,"46":0,"47":59,"48":2,"49":56,"50":56,"51":56,"52":56,"53":6,"54":50,"55":12,"56":7,"57":7,"58":5,"59":56,"60":56,"61":56,"62":56,"63":56,"64":2,"65":4,"66":4,"67":4,"68":4,"69":4,"70":4,"71":4,"72":2,"73":4,"74":2,"75":9,"76":53,"77":53,"78":53,"79":48,"80":48,"81":1,"82":47,"83":47,"84":46,"85":1,"86":1,"87":1,"88":1,"89":1,"90":1,"91":1,"92":53,"93":2,"94":2,"95":53,"96":53,"97":7,"98":7,"99":7,"100":2,"101":1,"102":1,"103":7,"104":5,"105":53,"106":16,"107":37,"108":53,"109":16,"110":16,"111":16,"112":16,"113":16,"114":16,"115":15,"116":16,"117":3,"118":3,"119":2,"120":2,"121":1,"122":1,"123":1,"124":1,"125":1,"126":16,"127":1,"128":1,"129":16,"130":16,"131":4,"132":4,"133":12,"134":16,"135":37,"136":2,"137":9,"138":5,"139":9,"140":9,"141":2,"142":9,"143":8,"144":1,"145":1,"146":1,"147":2,"148":15,"149":15,"150":2,"151":14,"152":15,"153":2,"154":53,"155":1,"156":2,"157":6,"158":6,"159":6,"160":6,"161":6,"162":6,"163":2,"164":2,"165":1,"166":1,"167":1,"168":1,"169":1,"170":1,"171":4,"172":3,"173":3,"174":0,"175":3,"176":3,"177":1,"178":1,"179":1,"180":2,"181":2,"182":0,"183":0,"184":2,"185":2,"186":2,"187":1,"188":1,"189":1,"190":1,"191":1,"192":1,"193":0,"194":0,"195":0,"196":1,"197":1,"198":1,"199":0,"200":0,"201":1,"202":1,"203":1,"204":1,"205":2,"206":9,"207":9,"208":1,"209":9,"210":9,"211":9,"212":75,"213":6,"214":69,"215":69,"216":12,"217":12,"218":12,"219":57,"220":3,"221":3,"222":54,"223":53,"224":53,"225":1,"226":1,"227":52,"228":52,"229":1,"230":1,"231":2,"232":9,"233":1,"234":8,"235":4,"236":4,"237":4,"238":2,"239":14,"240":4,"241":2,"242":2,"243":2,"244":2,"245":2},"b":{"1":[1,54],"2":[58,1],"3":[1,300],"4":[301,300],"5":[300,0],"6":[4,296],"7":[296,2],"8":[56,0],"9":[6,50],"10":[12,38],"11":[7,5],"12":[2,2],"13":[1,47],"14":[46,1],"15":[47,1],"16":[1,1],"17":[7,46],"18":[53,35,16],"19":[1,1],"20":[5,2],"21":[2,3],"22":[16,37],"23":[16,37],"24":[15,1],"25":[2,1],"26":[1,1],"27":[4,12],"28":[5,4],"29":[8,1],"30":[53,37,1],"31":[6,6],"32":[2,4],"33":[1,1],"34":[3,1],"35":[0,3],"36":[1,2],"37":[0,2],"38":[1,1],"39":[0,1],"40":[0,1],"41":[1,8],"42":[6,69],"43":[75,6],"44":[12,57],"45":[69,69],"46":[3,54],"47":[53,1],"48":[1,52],"49":[1,8],"50":[4,4]},"f":{"1":69,"2":58,"3":57,"4":57,"5":55,"6":55,"7":59,"8":0,"9":56,"10":4,"11":9,"12":53,"13":48,"14":2,"15":53,"16":2,"17":1,"18":1,"19":16,"20":3,"21":1,"22":16,"23":9,"24":9,"25":15,"26":14,"27":15,"28":53,"29":1,"30":6,"31":3,"32":2,"33":1,"34":9,"35":75,"36":53,"37":9,"38":14,"39":4},"fnMap":{"1":{"name":"(anonymous_1)","line":11,"loc":{"start":{"line":11,"column":21},"end":{"line":11,"column":45}}},"2":{"name":"(anonymous_2)","line":89,"loc":{"start":{"line":89,"column":11},"end":{"line":89,"column":39}}},"3":{"name":"(anonymous_3)","line":91,"loc":{"start":{"line":91,"column":20},"end":{"line":91,"column":37}}},"4":{"name":"(anonymous_4)","line":94,"loc":{"start":{"line":94,"column":19},"end":{"line":94,"column":31}}},"5":{"name":"(anonymous_5)","line":103,"loc":{"start":{"line":103,"column":17},"end":{"line":103,"column":45}}},"6":{"name":"(anonymous_6)","line":104,"loc":{"start":{"line":104,"column":15},"end":{"line":104,"column":35}}},"7":{"name":"(anonymous_7)","line":117,"loc":{"start":{"line":117,"column":20},"end":{"line":117,"column":38}}},"8":{"name":"(anonymous_8)","line":133,"loc":{"start":{"line":133,"column":28},"end":{"line":133,"column":44}}},"9":{"name":"(anonymous_9)","line":145,"loc":{"start":{"line":145,"column":12},"end":{"line":145,"column":57}}},"10":{"name":"(anonymous_10)","line":166,"loc":{"start":{"line":166,"column":28},"end":{"line":166,"column":75}}},"11":{"name":"(anonymous_11)","line":179,"loc":{"start":{"line":179,"column":14},"end":{"line":179,"column":33}}},"12":{"name":"(anonymous_12)","line":180,"loc":{"start":{"line":180,"column":9},"end":{"line":180,"column":35}}},"13":{"name":"(anonymous_13)","line":183,"loc":{"start":{"line":183,"column":16},"end":{"line":183,"column":35}}},"14":{"name":"(anonymous_14)","line":205,"loc":{"start":{"line":205,"column":35},"end":{"line":205,"column":56}}},"15":{"name":"(anonymous_15)","line":210,"loc":{"start":{"line":210,"column":15},"end":{"line":210,"column":27}}},"16":{"name":"(anonymous_16)","line":215,"loc":{"start":{"line":215,"column":22},"end":{"line":215,"column":41}}},"17":{"name":"(anonymous_17)","line":216,"loc":{"start":{"line":216,"column":34},"end":{"line":216,"column":53}}},"18":{"name":"(anonymous_18)","line":218,"loc":{"start":{"line":218,"column":14},"end":{"line":218,"column":40}}},"19":{"name":"(anonymous_19)","line":241,"loc":{"start":{"line":241,"column":16},"end":{"line":241,"column":28}}},"20":{"name":"(anonymous_20)","line":248,"loc":{"start":{"line":248,"column":17},"end":{"line":248,"column":43}}},"21":{"name":"(anonymous_21)","line":263,"loc":{"start":{"line":263,"column":19},"end":{"line":263,"column":31}}},"22":{"name":"(anonymous_22)","line":268,"loc":{"start":{"line":268,"column":26},"end":{"line":268,"column":50}}},"23":{"name":"(anonymous_23)","line":288,"loc":{"start":{"line":288,"column":14},"end":{"line":288,"column":39}}},"24":{"name":"(anonymous_24)","line":296,"loc":{"start":{"line":296,"column":29},"end":{"line":296,"column":46}}},"25":{"name":"(anonymous_25)","line":320,"loc":{"start":{"line":320,"column":31},"end":{"line":320,"column":51}}},"26":{"name":"(anonymous_26)","line":325,"loc":{"start":{"line":325,"column":73},"end":{"line":325,"column":91}}},"27":{"name":"(anonymous_27)","line":326,"loc":{"start":{"line":326,"column":30},"end":{"line":326,"column":44}}},"28":{"name":"(anonymous_28)","line":335,"loc":{"start":{"line":335,"column":31},"end":{"line":335,"column":47}}},"29":{"name":"(anonymous_29)","line":336,"loc":{"start":{"line":336,"column":47},"end":{"line":336,"column":79}}},"30":{"name":"(anonymous_30)","line":341,"loc":{"start":{"line":341,"column":19},"end":{"line":341,"column":61}}},"31":{"name":"(anonymous_31)","line":363,"loc":{"start":{"line":363,"column":14},"end":{"line":363,"column":34}}},"32":{"name":"(anonymous_32)","line":373,"loc":{"start":{"line":373,"column":44},"end":{"line":373,"column":67}}},"33":{"name":"(anonymous_33)","line":393,"loc":{"start":{"line":393,"column":57},"end":{"line":393,"column":80}}},"34":{"name":"(anonymous_34)","line":412,"loc":{"start":{"line":412,"column":33},"end":{"line":412,"column":45}}},"35":{"name":"(anonymous_35)","line":419,"loc":{"start":{"line":419,"column":9},"end":{"line":419,"column":35}}},"36":{"name":"(anonymous_36)","line":434,"loc":{"start":{"line":434,"column":24},"end":{"line":434,"column":47}}},"37":{"name":"(anonymous_37)","line":494,"loc":{"start":{"line":494,"column":17},"end":{"line":494,"column":42}}},"38":{"name":"(anonymous_38)","line":507,"loc":{"start":{"line":507,"column":73},"end":{"line":507,"column":91}}},"39":{"name":"(anonymous_39)","line":508,"loc":{"start":{"line":508,"column":23},"end":{"line":508,"column":37}}}},"statementMap":{"1":{"start":{"line":1,"column":0},"end":{"line":1,"column":31}},"2":{"start":{"line":2,"column":0},"end":{"line":2,"column":31}},"3":{"start":{"line":3,"column":0},"end":{"line":3,"column":25}},"4":{"start":{"line":4,"column":0},"end":{"line":4,"column":35}},"5":{"start":{"line":5,"column":0},"end":{"line":5,"column":29}},"6":{"start":{"line":6,"column":0},"end":{"line":6,"column":45}},"7":{"start":{"line":11,"column":0},"end":{"line":21,"column":2}},"8":{"start":{"line":12,"column":2},"end":{"line":12,"column":34}},"9":{"start":{"line":13,"column":2},"end":{"line":13,"column":34}},"10":{"start":{"line":14,"column":2},"end":{"line":14,"column":26}},"11":{"start":{"line":16,"column":2},"end":{"line":16,"column":41}},"12":{"start":{"line":17,"column":2},"end":{"line":17,"column":45}},"13":{"start":{"line":18,"column":2},"end":{"line":18,"column":30}},"14":{"start":{"line":20,"column":2},"end":{"line":20,"column":44}},"15":{"start":{"line":26,"column":0},"end":{"line":73,"column":21}},"16":{"start":{"line":78,"column":0},"end":{"line":78,"column":32}},"17":{"start":{"line":80,"column":0},"end":{"line":85,"column":9}},"18":{"start":{"line":87,"column":0},"end":{"line":87,"column":39}},"19":{"start":{"line":89,"column":0},"end":{"line":98,"column":2}},"20":{"start":{"line":90,"column":2},"end":{"line":90,"column":19}},"21":{"start":{"line":91,"column":2},"end":{"line":93,"column":5}},"22":{"start":{"line":92,"column":4},"end":{"line":92,"column":24}},"23":{"start":{"line":94,"column":2},"end":{"line":96,"column":5}},"24":{"start":{"line":95,"column":4},"end":{"line":95,"column":43}},"25":{"start":{"line":97,"column":2},"end":{"line":97,"column":33}},"26":{"start":{"line":103,"column":0},"end":{"line":112,"column":2}},"27":{"start":{"line":104,"column":2},"end":{"line":111,"column":5}},"28":{"start":{"line":105,"column":4},"end":{"line":107,"column":5}},"29":{"start":{"line":106,"column":6},"end":{"line":106,"column":27}},"30":{"start":{"line":108,"column":4},"end":{"line":108,"column":36}},"31":{"start":{"line":109,"column":4},"end":{"line":109,"column":28}},"32":{"start":{"line":110,"column":4},"end":{"line":110,"column":52}},"33":{"start":{"line":117,"column":0},"end":{"line":140,"column":2}},"34":{"start":{"line":118,"column":2},"end":{"line":118,"column":19}},"35":{"start":{"line":119,"column":2},"end":{"line":138,"column":3}},"36":{"start":{"line":120,"column":4},"end":{"line":137,"column":5}},"37":{"start":{"line":121,"column":6},"end":{"line":123,"column":7}},"38":{"start":{"line":122,"column":8},"end":{"line":122,"column":17}},"39":{"start":{"line":124,"column":6},"end":{"line":136,"column":7}},"40":{"start":{"line":125,"column":8},"end":{"line":125,"column":33}},"41":{"start":{"line":126,"column":8},"end":{"line":130,"column":9}},"42":{"start":{"line":127,"column":10},"end":{"line":127,"column":44}},"43":{"start":{"line":129,"column":10},"end":{"line":129,"column":44}},"44":{"start":{"line":132,"column":8},"end":{"line":132,"column":26}},"45":{"start":{"line":133,"column":8},"end":{"line":135,"column":11}},"46":{"start":{"line":134,"column":10},"end":{"line":134,"column":49}},"47":{"start":{"line":139,"column":2},"end":{"line":139,"column":17}},"48":{"start":{"line":145,"column":0},"end":{"line":164,"column":2}},"49":{"start":{"line":146,"column":2},"end":{"line":146,"column":16}},"50":{"start":{"line":147,"column":2},"end":{"line":147,"column":20}},"51":{"start":{"line":148,"column":2},"end":{"line":148,"column":31}},"52":{"start":{"line":149,"column":2},"end":{"line":158,"column":3}},"53":{"start":{"line":150,"column":4},"end":{"line":150,"column":18}},"54":{"start":{"line":151,"column":9},"end":{"line":158,"column":3}},"55":{"start":{"line":152,"column":4},"end":{"line":157,"column":5}},"56":{"start":{"line":153,"column":6},"end":{"line":153,"column":26}},"57":{"start":{"line":154,"column":6},"end":{"line":154,"column":37}},"58":{"start":{"line":156,"column":6},"end":{"line":156,"column":21}},"59":{"start":{"line":159,"column":2},"end":{"line":159,"column":22}},"60":{"start":{"line":160,"column":2},"end":{"line":160,"column":41}},"61":{"start":{"line":161,"column":2},"end":{"line":161,"column":31}},"62":{"start":{"line":162,"column":2},"end":{"line":162,"column":35}},"63":{"start":{"line":163,"column":2},"end":{"line":163,"column":24}},"64":{"start":{"line":166,"column":0},"end":{"line":177,"column":2}},"65":{"start":{"line":167,"column":2},"end":{"line":167,"column":16}},"66":{"start":{"line":168,"column":2},"end":{"line":168,"column":45}},"67":{"start":{"line":169,"column":2},"end":{"line":169,"column":41}},"68":{"start":{"line":170,"column":2},"end":{"line":170,"column":31}},"69":{"start":{"line":171,"column":2},"end":{"line":171,"column":35}},"70":{"start":{"line":172,"column":2},"end":{"line":172,"column":20}},"71":{"start":{"line":173,"column":2},"end":{"line":175,"column":3}},"72":{"start":{"line":174,"column":4},"end":{"line":174,"column":39}},"73":{"start":{"line":176,"column":2},"end":{"line":176,"column":24}},"74":{"start":{"line":179,"column":0},"end":{"line":281,"column":2}},"75":{"start":{"line":180,"column":2},"end":{"line":280,"column":4}},"76":{"start":{"line":181,"column":4},"end":{"line":181,"column":29}},"77":{"start":{"line":182,"column":4},"end":{"line":182,"column":55}},"78":{"start":{"line":183,"column":4},"end":{"line":202,"column":6}},"79":{"start":{"line":184,"column":6},"end":{"line":184,"column":25}},"80":{"start":{"line":186,"column":6},"end":{"line":188,"column":7}},"81":{"start":{"line":187,"column":8},"end":{"line":187,"column":27}},"82":{"start":{"line":189,"column":6},"end":{"line":189,"column":73}},"83":{"start":{"line":190,"column":6},"end":{"line":201,"column":7}},"84":{"start":{"line":191,"column":8},"end":{"line":191,"column":21}},"85":{"start":{"line":194,"column":8},"end":{"line":194,"column":53}},"86":{"start":{"line":195,"column":8},"end":{"line":195,"column":22}},"87":{"start":{"line":196,"column":8},"end":{"line":196,"column":44}},"88":{"start":{"line":197,"column":8},"end":{"line":197,"column":66}},"89":{"start":{"line":198,"column":8},"end":{"line":198,"column":46}},"90":{"start":{"line":199,"column":8},"end":{"line":199,"column":88}},"91":{"start":{"line":200,"column":8},"end":{"line":200,"column":35}},"92":{"start":{"line":205,"column":4},"end":{"line":208,"column":6}},"93":{"start":{"line":206,"column":6},"end":{"line":206,"column":25}},"94":{"start":{"line":207,"column":6},"end":{"line":207,"column":90}},"95":{"start":{"line":210,"column":4},"end":{"line":235,"column":6}},"96":{"start":{"line":212,"column":6},"end":{"line":227,"column":7}},"97":{"start":{"line":213,"column":8},"end":{"line":213,"column":49}},"98":{"start":{"line":214,"column":8},"end":{"line":214,"column":47}},"99":{"start":{"line":215,"column":8},"end":{"line":221,"column":10}},"100":{"start":{"line":216,"column":10},"end":{"line":220,"column":12}},"101":{"start":{"line":217,"column":12},"end":{"line":217,"column":31}},"102":{"start":{"line":219,"column":12},"end":{"line":219,"column":31}},"103":{"start":{"line":224,"column":8},"end":{"line":226,"column":9}},"104":{"start":{"line":225,"column":10},"end":{"line":225,"column":75}},"105":{"start":{"line":230,"column":6},"end":{"line":234,"column":7}},"106":{"start":{"line":231,"column":8},"end":{"line":231,"column":33}},"107":{"start":{"line":233,"column":8},"end":{"line":233,"column":42}},"108":{"start":{"line":237,"column":4},"end":{"line":279,"column":5}},"109":{"start":{"line":238,"column":6},"end":{"line":238,"column":37}},"110":{"start":{"line":239,"column":6},"end":{"line":239,"column":25}},"111":{"start":{"line":240,"column":6},"end":{"line":240,"column":67}},"112":{"start":{"line":241,"column":6},"end":{"line":246,"column":8}},"113":{"start":{"line":242,"column":8},"end":{"line":242,"column":35}},"114":{"start":{"line":243,"column":8},"end":{"line":245,"column":9}},"115":{"start":{"line":244,"column":10},"end":{"line":244,"column":31}},"116":{"start":{"line":248,"column":6},"end":{"line":260,"column":8}},"117":{"start":{"line":249,"column":8},"end":{"line":249,"column":34}},"118":{"start":{"line":250,"column":8},"end":{"line":259,"column":9}},"119":{"start":{"line":251,"column":10},"end":{"line":251,"column":37}},"120":{"start":{"line":252,"column":10},"end":{"line":252,"column":38}},"121":{"start":{"line":254,"column":10},"end":{"line":254,"column":57}},"122":{"start":{"line":255,"column":10},"end":{"line":255,"column":42}},"123":{"start":{"line":256,"column":10},"end":{"line":256,"column":29}},"124":{"start":{"line":257,"column":10},"end":{"line":257,"column":28}},"125":{"start":{"line":258,"column":10},"end":{"line":258,"column":36}},"126":{"start":{"line":263,"column":6},"end":{"line":266,"column":8}},"127":{"start":{"line":264,"column":8},"end":{"line":264,"column":35}},"128":{"start":{"line":265,"column":8},"end":{"line":265,"column":40}},"129":{"start":{"line":268,"column":6},"end":{"line":276,"column":9}},"130":{"start":{"line":269,"column":8},"end":{"line":274,"column":9}},"131":{"start":{"line":270,"column":10},"end":{"line":270,"column":51}},"132":{"start":{"line":271,"column":10},"end":{"line":271,"column":52}},"133":{"start":{"line":273,"column":10},"end":{"line":273,"column":60}},"134":{"start":{"line":275,"column":8},"end":{"line":275,"column":15}},"135":{"start":{"line":278,"column":6},"end":{"line":278,"column":13}},"136":{"start":{"line":288,"column":0},"end":{"line":294,"column":2}},"137":{"start":{"line":289,"column":2},"end":{"line":291,"column":3}},"138":{"start":{"line":290,"column":4},"end":{"line":290,"column":25}},"139":{"start":{"line":292,"column":2},"end":{"line":292,"column":21}},"140":{"start":{"line":293,"column":2},"end":{"line":293,"column":23}},"141":{"start":{"line":296,"column":0},"end":{"line":304,"column":2}},"142":{"start":{"line":297,"column":2},"end":{"line":303,"column":3}},"143":{"start":{"line":298,"column":4},"end":{"line":298,"column":23}},"144":{"start":{"line":300,"column":4},"end":{"line":300,"column":29}},"145":{"start":{"line":301,"column":4},"end":{"line":301,"column":29}},"146":{"start":{"line":302,"column":4},"end":{"line":302,"column":47}},"147":{"start":{"line":320,"column":0},"end":{"line":323,"column":2}},"148":{"start":{"line":321,"column":2},"end":{"line":321,"column":27}},"149":{"start":{"line":322,"column":2},"end":{"line":322,"column":14}},"150":{"start":{"line":325,"column":0},"end":{"line":329,"column":3}},"151":{"start":{"line":326,"column":2},"end":{"line":328,"column":4}},"152":{"start":{"line":327,"column":4},"end":{"line":327,"column":39}},"153":{"start":{"line":335,"column":0},"end":{"line":339,"column":2}},"154":{"start":{"line":336,"column":2},"end":{"line":338,"column":4}},"155":{"start":{"line":337,"column":4},"end":{"line":337,"column":11}},"156":{"start":{"line":341,"column":0},"end":{"line":407,"column":2}},"157":{"start":{"line":342,"column":2},"end":{"line":342,"column":26}},"158":{"start":{"line":344,"column":2},"end":{"line":344,"column":42}},"159":{"start":{"line":345,"column":2},"end":{"line":345,"column":38}},"160":{"start":{"line":346,"column":2},"end":{"line":346,"column":30}},"161":{"start":{"line":349,"column":2},"end":{"line":349,"column":44}},"162":{"start":{"line":351,"column":2},"end":{"line":406,"column":3}},"163":{"start":{"line":352,"column":4},"end":{"line":352,"column":36}},"164":{"start":{"line":353,"column":4},"end":{"line":357,"column":5}},"165":{"start":{"line":354,"column":6},"end":{"line":354,"column":25}},"166":{"start":{"line":355,"column":6},"end":{"line":355,"column":35}},"167":{"start":{"line":356,"column":6},"end":{"line":356,"column":13}},"168":{"start":{"line":358,"column":4},"end":{"line":358,"column":42}},"169":{"start":{"line":360,"column":4},"end":{"line":360,"column":23}},"170":{"start":{"line":361,"column":4},"end":{"line":361,"column":28}},"171":{"start":{"line":362,"column":9},"end":{"line":406,"column":3}},"172":{"start":{"line":363,"column":4},"end":{"line":402,"column":7}},"173":{"start":{"line":364,"column":6},"end":{"line":366,"column":7}},"174":{"start":{"line":365,"column":8},"end":{"line":365,"column":25}},"175":{"start":{"line":367,"column":6},"end":{"line":367,"column":38}},"176":{"start":{"line":368,"column":6},"end":{"line":372,"column":7}},"177":{"start":{"line":369,"column":8},"end":{"line":369,"column":50}},"178":{"start":{"line":370,"column":8},"end":{"line":370,"column":33}},"179":{"start":{"line":371,"column":8},"end":{"line":371,"column":30}},"180":{"start":{"line":373,"column":6},"end":{"line":401,"column":9}},"181":{"start":{"line":374,"column":8},"end":{"line":377,"column":9}},"182":{"start":{"line":375,"column":10},"end":{"line":375,"column":45}},"183":{"start":{"line":376,"column":10},"end":{"line":376,"column":27}},"184":{"start":{"line":378,"column":8},"end":{"line":378,"column":44}},"185":{"start":{"line":379,"column":8},"end":{"line":379,"column":41}},"186":{"start":{"line":380,"column":8},"end":{"line":384,"column":9}},"187":{"start":{"line":381,"column":10},"end":{"line":381,"column":29}},"188":{"start":{"line":382,"column":10},"end":{"line":382,"column":39}},"189":{"start":{"line":383,"column":10},"end":{"line":383,"column":17}},"190":{"start":{"line":385,"column":8},"end":{"line":385,"column":56}},"191":{"start":{"line":386,"column":8},"end":{"line":386,"column":47}},"192":{"start":{"line":387,"column":8},"end":{"line":391,"column":9}},"193":{"start":{"line":388,"column":10},"end":{"line":388,"column":29}},"194":{"start":{"line":389,"column":10},"end":{"line":389,"column":36}},"195":{"start":{"line":390,"column":10},"end":{"line":390,"column":17}},"196":{"start":{"line":392,"column":8},"end":{"line":392,"column":40}},"197":{"start":{"line":393,"column":8},"end":{"line":400,"column":11}},"198":{"start":{"line":394,"column":10},"end":{"line":397,"column":11}},"199":{"start":{"line":395,"column":12},"end":{"line":395,"column":47}},"200":{"start":{"line":396,"column":12},"end":{"line":396,"column":29}},"201":{"start":{"line":398,"column":10},"end":{"line":398,"column":49}},"202":{"start":{"line":399,"column":10},"end":{"line":399,"column":35}},"203":{"start":{"line":404,"column":4},"end":{"line":404,"column":23}},"204":{"start":{"line":405,"column":4},"end":{"line":405,"column":31}},"205":{"start":{"line":412,"column":0},"end":{"line":448,"column":2}},"206":{"start":{"line":413,"column":2},"end":{"line":413,"column":18}},"207":{"start":{"line":414,"column":2},"end":{"line":416,"column":3}},"208":{"start":{"line":415,"column":4},"end":{"line":415,"column":82}},"209":{"start":{"line":417,"column":2},"end":{"line":417,"column":25}},"210":{"start":{"line":418,"column":2},"end":{"line":418,"column":31}},"211":{"start":{"line":419,"column":2},"end":{"line":447,"column":4}},"212":{"start":{"line":420,"column":4},"end":{"line":446,"column":5}},"213":{"start":{"line":421,"column":6},"end":{"line":421,"column":51}},"214":{"start":{"line":423,"column":6},"end":{"line":423,"column":30}},"215":{"start":{"line":425,"column":6},"end":{"line":429,"column":7}},"216":{"start":{"line":426,"column":8},"end":{"line":426,"column":27}},"217":{"start":{"line":427,"column":8},"end":{"line":427,"column":37}},"218":{"start":{"line":428,"column":8},"end":{"line":428,"column":15}},"219":{"start":{"line":430,"column":6},"end":{"line":445,"column":7}},"220":{"start":{"line":431,"column":8},"end":{"line":431,"column":27}},"221":{"start":{"line":432,"column":8},"end":{"line":432,"column":35}},"222":{"start":{"line":433,"column":13},"end":{"line":445,"column":7}},"223":{"start":{"line":434,"column":8},"end":{"line":441,"column":11}},"224":{"start":{"line":435,"column":10},"end":{"line":438,"column":11}},"225":{"start":{"line":436,"column":12},"end":{"line":436,"column":47}},"226":{"start":{"line":437,"column":12},"end":{"line":437,"column":29}},"227":{"start":{"line":439,"column":10},"end":{"line":439,"column":49}},"228":{"start":{"line":440,"column":10},"end":{"line":440,"column":35}},"229":{"start":{"line":443,"column":8},"end":{"line":443,"column":27}},"230":{"start":{"line":444,"column":8},"end":{"line":444,"column":35}},"231":{"start":{"line":494,"column":0},"end":{"line":505,"column":2}},"232":{"start":{"line":495,"column":2},"end":{"line":497,"column":3}},"233":{"start":{"line":496,"column":4},"end":{"line":496,"column":30}},"234":{"start":{"line":499,"column":2},"end":{"line":504,"column":3}},"235":{"start":{"line":500,"column":4},"end":{"line":500,"column":27}},"236":{"start":{"line":501,"column":4},"end":{"line":501,"column":33}},"237":{"start":{"line":503,"column":4},"end":{"line":503,"column":53}},"238":{"start":{"line":507,"column":0},"end":{"line":511,"column":3}},"239":{"start":{"line":508,"column":2},"end":{"line":510,"column":4}},"240":{"start":{"line":509,"column":4},"end":{"line":509,"column":39}},"241":{"start":{"line":513,"column":0},"end":{"line":513,"column":28}},"242":{"start":{"line":514,"column":0},"end":{"line":514,"column":25}},"243":{"start":{"line":515,"column":0},"end":{"line":515,"column":57}},"244":{"start":{"line":516,"column":0},"end":{"line":516,"column":43}},"245":{"start":{"line":518,"column":0},"end":{"line":518,"column":28}}},"branchMap":{"1":{"line":105,"type":"if","locations":[{"start":{"line":105,"column":4},"end":{"line":105,"column":4}},{"start":{"line":105,"column":4},"end":{"line":105,"column":4}}]},"2":{"line":119,"type":"if","locations":[{"start":{"line":119,"column":2},"end":{"line":119,"column":2}},{"start":{"line":119,"column":2},"end":{"line":119,"column":2}}]},"3":{"line":121,"type":"if","locations":[{"start":{"line":121,"column":6},"end":{"line":121,"column":6}},{"start":{"line":121,"column":6},"end":{"line":121,"column":6}}]},"4":{"line":121,"type":"binary-expr","locations":[{"start":{"line":121,"column":10},"end":{"line":121,"column":41}},{"start":{"line":121,"column":45},"end":{"line":121,"column":69}}]},"5":{"line":124,"type":"if","locations":[{"start":{"line":124,"column":6},"end":{"line":124,"column":6}},{"start":{"line":124,"column":6},"end":{"line":124,"column":6}}]},"6":{"line":126,"type":"if","locations":[{"start":{"line":126,"column":8},"end":{"line":126,"column":8}},{"start":{"line":126,"column":8},"end":{"line":126,"column":8}}]},"7":{"line":129,"type":"binary-expr","locations":[{"start":{"line":129,"column":26},"end":{"line":129,"column":29}},{"start":{"line":129,"column":33},"end":{"line":129,"column":35}}]},"8":{"line":148,"type":"binary-expr","locations":[{"start":{"line":148,"column":17},"end":{"line":148,"column":24}},{"start":{"line":148,"column":28},"end":{"line":148,"column":30}}]},"9":{"line":149,"type":"if","locations":[{"start":{"line":149,"column":2},"end":{"line":149,"column":2}},{"start":{"line":149,"column":2},"end":{"line":149,"column":2}}]},"10":{"line":151,"type":"if","locations":[{"start":{"line":151,"column":9},"end":{"line":151,"column":9}},{"start":{"line":151,"column":9},"end":{"line":151,"column":9}}]},"11":{"line":152,"type":"if","locations":[{"start":{"line":152,"column":4},"end":{"line":152,"column":4}},{"start":{"line":152,"column":4},"end":{"line":152,"column":4}}]},"12":{"line":173,"type":"if","locations":[{"start":{"line":173,"column":2},"end":{"line":173,"column":2}},{"start":{"line":173,"column":2},"end":{"line":173,"column":2}}]},"13":{"line":186,"type":"if","locations":[{"start":{"line":186,"column":6},"end":{"line":186,"column":6}},{"start":{"line":186,"column":6},"end":{"line":186,"column":6}}]},"14":{"line":190,"type":"if","locations":[{"start":{"line":190,"column":6},"end":{"line":190,"column":6}},{"start":{"line":190,"column":6},"end":{"line":190,"column":6}}]},"15":{"line":190,"type":"binary-expr","locations":[{"start":{"line":190,"column":10},"end":{"line":190,"column":33}},{"start":{"line":190,"column":37},"end":{"line":190,"column":69}}]},"16":{"line":194,"type":"binary-expr","locations":[{"start":{"line":194,"column":22},"end":{"line":194,"column":33}},{"start":{"line":194,"column":37},"end":{"line":194,"column":52}}]},"17":{"line":212,"type":"if","locations":[{"start":{"line":212,"column":6},"end":{"line":212,"column":6}},{"start":{"line":212,"column":6},"end":{"line":212,"column":6}}]},"18":{"line":212,"type":"binary-expr","locations":[{"start":{"line":212,"column":10},"end":{"line":212,"column":36}},{"start":{"line":212,"column":40},"end":{"line":212,"column":53}},{"start":{"line":212,"column":57},"end":{"line":212,"column":76}}]},"19":{"line":216,"type":"cond-expr","locations":[{"start":{"line":216,"column":34},"end":{"line":218,"column":11}},{"start":{"line":218,"column":14},"end":{"line":220,"column":11}}]},"20":{"line":224,"type":"if","locations":[{"start":{"line":224,"column":8},"end":{"line":224,"column":8}},{"start":{"line":224,"column":8},"end":{"line":224,"column":8}}]},"21":{"line":225,"type":"cond-expr","locations":[{"start":{"line":225,"column":50},"end":{"line":225,"column":65}},{"start":{"line":225,"column":68},"end":{"line":225,"column":74}}]},"22":{"line":230,"type":"if","locations":[{"start":{"line":230,"column":6},"end":{"line":230,"column":6}},{"start":{"line":230,"column":6},"end":{"line":230,"column":6}}]},"23":{"line":237,"type":"if","locations":[{"start":{"line":237,"column":4},"end":{"line":237,"column":4}},{"start":{"line":237,"column":4},"end":{"line":237,"column":4}}]},"24":{"line":243,"type":"if","locations":[{"start":{"line":243,"column":8},"end":{"line":243,"column":8}},{"start":{"line":243,"column":8},"end":{"line":243,"column":8}}]},"25":{"line":250,"type":"if","locations":[{"start":{"line":250,"column":8},"end":{"line":250,"column":8}},{"start":{"line":250,"column":8},"end":{"line":250,"column":8}}]},"26":{"line":258,"type":"binary-expr","locations":[{"start":{"line":258,"column":10},"end":{"line":258,"column":18}},{"start":{"line":258,"column":22},"end":{"line":258,"column":35}}]},"27":{"line":269,"type":"if","locations":[{"start":{"line":269,"column":8},"end":{"line":269,"column":8}},{"start":{"line":269,"column":8},"end":{"line":269,"column":8}}]},"28":{"line":289,"type":"if","locations":[{"start":{"line":289,"column":2},"end":{"line":289,"column":2}},{"start":{"line":289,"column":2},"end":{"line":289,"column":2}}]},"29":{"line":297,"type":"if","locations":[{"start":{"line":297,"column":2},"end":{"line":297,"column":2}},{"start":{"line":297,"column":2},"end":{"line":297,"column":2}}]},"30":{"line":336,"type":"binary-expr","locations":[{"start":{"line":336,"column":9},"end":{"line":336,"column":20}},{"start":{"line":336,"column":24},"end":{"line":336,"column":43}},{"start":{"line":336,"column":47},"end":{"line":338,"column":3}}]},"31":{"line":349,"type":"binary-expr","locations":[{"start":{"line":349,"column":16},"end":{"line":349,"column":27}},{"start":{"line":349,"column":31},"end":{"line":349,"column":43}}]},"32":{"line":351,"type":"if","locations":[{"start":{"line":351,"column":2},"end":{"line":351,"column":2}},{"start":{"line":351,"column":2},"end":{"line":351,"column":2}}]},"33":{"line":353,"type":"if","locations":[{"start":{"line":353,"column":4},"end":{"line":353,"column":4}},{"start":{"line":353,"column":4},"end":{"line":353,"column":4}}]},"34":{"line":362,"type":"if","locations":[{"start":{"line":362,"column":9},"end":{"line":362,"column":9}},{"start":{"line":362,"column":9},"end":{"line":362,"column":9}}]},"35":{"line":364,"type":"if","locations":[{"start":{"line":364,"column":6},"end":{"line":364,"column":6}},{"start":{"line":364,"column":6},"end":{"line":364,"column":6}}]},"36":{"line":368,"type":"if","locations":[{"start":{"line":368,"column":6},"end":{"line":368,"column":6}},{"start":{"line":368,"column":6},"end":{"line":368,"column":6}}]},"37":{"line":374,"type":"if","locations":[{"start":{"line":374,"column":8},"end":{"line":374,"column":8}},{"start":{"line":374,"column":8},"end":{"line":374,"column":8}}]},"38":{"line":380,"type":"if","locations":[{"start":{"line":380,"column":8},"end":{"line":380,"column":8}},{"start":{"line":380,"column":8},"end":{"line":380,"column":8}}]},"39":{"line":387,"type":"if","locations":[{"start":{"line":387,"column":8},"end":{"line":387,"column":8}},{"start":{"line":387,"column":8},"end":{"line":387,"column":8}}]},"40":{"line":394,"type":"if","locations":[{"start":{"line":394,"column":10},"end":{"line":394,"column":10}},{"start":{"line":394,"column":10},"end":{"line":394,"column":10}}]},"41":{"line":414,"type":"if","locations":[{"start":{"line":414,"column":2},"end":{"line":414,"column":2}},{"start":{"line":414,"column":2},"end":{"line":414,"column":2}}]},"42":{"line":420,"type":"if","locations":[{"start":{"line":420,"column":4},"end":{"line":420,"column":4}},{"start":{"line":420,"column":4},"end":{"line":420,"column":4}}]},"43":{"line":420,"type":"binary-expr","locations":[{"start":{"line":420,"column":8},"end":{"line":420,"column":30}},{"start":{"line":420,"column":34},"end":{"line":420,"column":57}}]},"44":{"line":425,"type":"if","locations":[{"start":{"line":425,"column":6},"end":{"line":425,"column":6}},{"start":{"line":425,"column":6},"end":{"line":425,"column":6}}]},"45":{"line":425,"type":"binary-expr","locations":[{"start":{"line":425,"column":37},"end":{"line":425,"column":53}},{"start":{"line":425,"column":57},"end":{"line":425,"column":62}}]},"46":{"line":430,"type":"if","locations":[{"start":{"line":430,"column":6},"end":{"line":430,"column":6}},{"start":{"line":430,"column":6},"end":{"line":430,"column":6}}]},"47":{"line":433,"type":"if","locations":[{"start":{"line":433,"column":13},"end":{"line":433,"column":13}},{"start":{"line":433,"column":13},"end":{"line":433,"column":13}}]},"48":{"line":435,"type":"if","locations":[{"start":{"line":435,"column":10},"end":{"line":435,"column":10}},{"start":{"line":435,"column":10},"end":{"line":435,"column":10}}]},"49":{"line":495,"type":"if","locations":[{"start":{"line":495,"column":2},"end":{"line":495,"column":2}},{"start":{"line":495,"column":2},"end":{"line":495,"column":2}}]},"50":{"line":499,"type":"if","locations":[{"start":{"line":499,"column":2},"end":{"line":499,"column":2}},{"start":{"line":499,"column":2},"end":{"line":499,"column":2}}]}}},"/Users/jacksontian/git/wechat/lib/session.js":{"path":"/Users/jacksontian/git/wechat/lib/session.js","s":{"1":1,"2":16,"3":16,"4":16,"5":12,"6":23,"7":1,"8":15,"9":15,"10":1,"11":1,"12":1,"13":1,"14":1},"b":{"1":[12,4],"2":[15,15]},"f":{"1":16,"2":15,"3":15,"4":1},"fnMap":{"1":{"name":"(anonymous_1)","line":7,"loc":{"start":{"line":7,"column":14},"end":{"line":7,"column":39}}},"2":{"name":"(anonymous_2)","line":25,"loc":{"start":{"line":25,"column":25},"end":{"line":25,"column":45}}},"3":{"name":"(anonymous_3)","line":26,"loc":{"start":{"line":26,"column":55},"end":{"line":26,"column":65}}},"4":{"name":"(anonymous_4)","line":38,"loc":{"start":{"line":38,"column":28},"end":{"line":38,"column":48}}}},"statementMap":{"1":{"start":{"line":7,"column":0},"end":{"line":15,"column":2}},"2":{"start":{"line":8,"column":2},"end":{"line":8,"column":51}},"3":{"start":{"line":9,"column":2},"end":{"line":9,"column":53}},"4":{"start":{"line":10,"column":2},"end":{"line":14,"column":3}},"5":{"start":{"line":11,"column":4},"end":{"line":13,"column":5}},"6":{"start":{"line":12,"column":6},"end":{"line":12,"column":28}},"7":{"start":{"line":25,"column":0},"end":{"line":28,"column":2}},"8":{"start":{"line":26,"column":2},"end":{"line":26,"column":69}},"9":{"start":{"line":27,"column":2},"end":{"line":27,"column":14}},"10":{"start":{"line":38,"column":0},"end":{"line":42,"column":2}},"11":{"start":{"line":39,"column":2},"end":{"line":39,"column":28}},"12":{"start":{"line":40,"column":2},"end":{"line":40,"column":51}},"13":{"start":{"line":41,"column":2},"end":{"line":41,"column":14}},"14":{"start":{"line":44,"column":0},"end":{"line":44,"column":25}}},"branchMap":{"1":{"line":10,"type":"if","locations":[{"start":{"line":10,"column":2},"end":{"line":10,"column":2}},{"start":{"line":10,"column":2},"end":{"line":10,"column":2}}]},"2":{"line":26,"type":"binary-expr","locations":[{"start":{"line":26,"column":43},"end":{"line":26,"column":51}},{"start":{"line":26,"column":55},"end":{"line":26,"column":67}}]}}},"/Users/jacksontian/git/wechat/lib/list.js":{"path":"/Users/jacksontian/git/wechat/lib/list.js","s":{"1":1,"2":1,"3":1,"4":6,"5":1,"6":16,"7":1,"8":6,"9":6,"10":6,"11":6,"12":18,"13":18,"14":17,"15":17,"16":18,"17":6,"18":1,"19":1,"20":5,"21":6,"22":1,"23":15,"24":1,"25":1,"26":1},"b":{"1":[1,5],"2":[1,0],"3":[1,0],"4":[1,0]},"f":{"1":6,"2":16,"3":6,"4":18,"5":17,"6":15,"7":1},"fnMap":{"1":{"name":"(anonymous_1)","line":10,"loc":{"start":{"line":10,"column":11},"end":{"line":10,"column":23}}},"2":{"name":"(anonymous_2)","line":18,"loc":{"start":{"line":18,"column":21},"end":{"line":18,"column":36}}},"3":{"name":"(anonymous_3)","line":30,"loc":{"start":{"line":30,"column":11},"end":{"line":30,"column":57}}},"4":{"name":"(anonymous_4)","line":34,"loc":{"start":{"line":34,"column":16},"end":{"line":34,"column":32}}},"5":{"name":"(anonymous_5)","line":37,"loc":{"start":{"line":37,"column":44},"end":{"line":37,"column":66}}},"6":{"name":"(anonymous_6)","line":57,"loc":{"start":{"line":57,"column":11},"end":{"line":57,"column":27}}},"7":{"name":"(anonymous_7)","line":65,"loc":{"start":{"line":65,"column":13},"end":{"line":65,"column":25}}}},"statementMap":{"1":{"start":{"line":1,"column":0},"end":{"line":1,"column":27}},"2":{"start":{"line":5,"column":0},"end":{"line":5,"column":19}},"3":{"start":{"line":10,"column":0},"end":{"line":12,"column":2}},"4":{"start":{"line":11,"column":2},"end":{"line":11,"column":16}},"5":{"start":{"line":18,"column":0},"end":{"line":20,"column":2}},"6":{"start":{"line":19,"column":2},"end":{"line":19,"column":23}},"7":{"start":{"line":30,"column":0},"end":{"line":51,"column":2}},"8":{"start":{"line":31,"column":2},"end":{"line":31,"column":23}},"9":{"start":{"line":32,"column":2},"end":{"line":32,"column":24}},"10":{"start":{"line":33,"column":2},"end":{"line":33,"column":19}},"11":{"start":{"line":34,"column":2},"end":{"line":42,"column":5}},"12":{"start":{"line":35,"column":4},"end":{"line":35,"column":23}},"13":{"start":{"line":37,"column":4},"end":{"line":40,"column":7}},"14":{"start":{"line":38,"column":6},"end":{"line":38,"column":30}},"15":{"start":{"line":39,"column":6},"end":{"line":39,"column":17}},"16":{"start":{"line":41,"column":4},"end":{"line":41,"column":31}},"17":{"start":{"line":44,"column":2},"end":{"line":49,"column":3}},"18":{"start":{"line":45,"column":4},"end":{"line":45,"column":66}},"19":{"start":{"line":46,"column":4},"end":{"line":46,"column":82}},"20":{"start":{"line":48,"column":4},"end":{"line":48,"column":46}},"21":{"start":{"line":50,"column":2},"end":{"line":50,"column":25}},"22":{"start":{"line":57,"column":0},"end":{"line":59,"column":2}},"23":{"start":{"line":58,"column":2},"end":{"line":58,"column":25}},"24":{"start":{"line":65,"column":0},"end":{"line":67,"column":2}},"25":{"start":{"line":66,"column":2},"end":{"line":66,"column":17}},"26":{"start":{"line":69,"column":0},"end":{"line":69,"column":22}}},"branchMap":{"1":{"line":44,"type":"if","locations":[{"start":{"line":44,"column":2},"end":{"line":44,"column":2}},{"start":{"line":44,"column":2},"end":{"line":44,"column":2}}]},"2":{"line":45,"type":"binary-expr","locations":[{"start":{"line":45,"column":41},"end":{"line":45,"column":50}},{"start":{"line":45,"column":54},"end":{"line":45,"column":56}}]},"3":{"line":46,"type":"binary-expr","locations":[{"start":{"line":46,"column":49},"end":{"line":46,"column":53}},{"start":{"line":46,"column":57},"end":{"line":46,"column":59}}]},"4":{"line":46,"type":"binary-expr","locations":[{"start":{"line":46,"column":69},"end":{"line":46,"column":73}},{"start":{"line":46,"column":77},"end":{"line":46,"column":79}}]}}},"/Users/jacksontian/git/wechat/index.js":{"path":"/Users/jacksontian/git/wechat/index.js","s":{"1":1,"2":1,"3":1,"4":1,"5":0,"6":0,"7":1,"8":0,"9":0,"10":1},"b":{},"f":{"1":0,"2":0},"fnMap":{"1":{"name":"(anonymous_1)","line":8,"loc":{"start":{"line":8,"column":7},"end":{"line":8,"column":19}}},"2":{"name":"(anonymous_2)","line":15,"loc":{"start":{"line":15,"column":7},"end":{"line":15,"column":19}}}},"statementMap":{"1":{"start":{"line":1,"column":0},"end":{"line":1,"column":37}},"2":{"start":{"line":3,"column":0},"end":{"line":3,"column":36}},"3":{"start":{"line":5,"column":0},"end":{"line":5,"column":39}},"4":{"start":{"line":7,"column":0},"end":{"line":12,"column":3}},"5":{"start":{"line":9,"column":4},"end":{"line":9,"column":82}},"6":{"start":{"line":10,"column":4},"end":{"line":10,"column":33}},"7":{"start":{"line":14,"column":0},"end":{"line":19,"column":3}},"8":{"start":{"line":16,"column":4},"end":{"line":16,"column":84}},"9":{"start":{"line":17,"column":4},"end":{"line":17,"column":35}},"10":{"start":{"line":21,"column":0},"end":{"line":21,"column":24}}},"branchMap":{}},"/Users/jacksontian/git/wechat/lib/events.js":{"path":"/Users/jacksontian/git/wechat/lib/events.js","s":{"1":1,"2":0,"3":1,"4":0,"5":0,"6":1,"7":0,"8":0,"9":0,"10":1,"11":0,"12":0,"13":1},"b":{"1":[0,0]},"f":{"1":0,"2":0,"3":0,"4":0,"5":0},"fnMap":{"1":{"name":"(anonymous_1)","line":1,"loc":{"start":{"line":1,"column":12},"end":{"line":1,"column":24}}},"2":{"name":"(anonymous_2)","line":5,"loc":{"start":{"line":5,"column":22},"end":{"line":5,"column":49}}},"3":{"name":"(anonymous_3)","line":10,"loc":{"start":{"line":10,"column":28},"end":{"line":10,"column":63}}},"4":{"name":"(anonymous_4)","line":29,"loc":{"start":{"line":29,"column":17},"end":{"line":29,"column":34}}},"5":{"name":"(anonymous_5)","line":30,"loc":{"start":{"line":30,"column":9},"end":{"line":30,"column":44}}}},"statementMap":{"1":{"start":{"line":1,"column":0},"end":{"line":3,"column":2}},"2":{"start":{"line":2,"column":2},"end":{"line":2,"column":19}},"3":{"start":{"line":5,"column":0},"end":{"line":8,"column":2}},"4":{"start":{"line":6,"column":2},"end":{"line":6,"column":32}},"5":{"start":{"line":7,"column":2},"end":{"line":7,"column":14}},"6":{"start":{"line":10,"column":0},"end":{"line":16,"column":2}},"7":{"start":{"line":11,"column":2},"end":{"line":15,"column":3}},"8":{"start":{"line":12,"column":4},"end":{"line":12,"column":56}},"9":{"start":{"line":14,"column":4},"end":{"line":14,"column":11}},"10":{"start":{"line":29,"column":0},"end":{"line":43,"column":2}},"11":{"start":{"line":30,"column":2},"end":{"line":42,"column":4}},"12":{"start":{"line":41,"column":4},"end":{"line":41,"column":45}},"13":{"start":{"line":45,"column":0},"end":{"line":45,"column":23}}},"branchMap":{"1":{"line":11,"type":"if","locations":[{"start":{"line":11,"column":2},"end":{"line":11,"column":2}},{"start":{"line":11,"column":2},"end":{"line":11,"column":2}}]}}}}